mode: set
github.com/swapxs/LibMS/backend/handlers/auth_handler.go:30.48,31.30 1 0
github.com/swapxs/LibMS/backend/handlers/auth_handler.go:31.30,33.50 2 0
github.com/swapxs/LibMS/backend/handlers/auth_handler.go:33.50,36.4 2 0
github.com/swapxs/LibMS/backend/handlers/auth_handler.go:39.3,39.23 1 0
github.com/swapxs/LibMS/backend/handlers/auth_handler.go:39.23,41.4 1 0
github.com/swapxs/LibMS/backend/handlers/auth_handler.go:44.3,45.79 2 0
github.com/swapxs/LibMS/backend/handlers/auth_handler.go:45.79,48.4 2 0
github.com/swapxs/LibMS/backend/handlers/auth_handler.go:51.3,52.17 2 0
github.com/swapxs/LibMS/backend/handlers/auth_handler.go:52.17,55.4 2 0
github.com/swapxs/LibMS/backend/handlers/auth_handler.go:57.3,65.48 2 0
github.com/swapxs/LibMS/backend/handlers/auth_handler.go:65.48,68.4 2 0
github.com/swapxs/LibMS/backend/handlers/auth_handler.go:69.3,69.74 1 0
github.com/swapxs/LibMS/backend/handlers/auth_handler.go:80.41,81.30 1 0
github.com/swapxs/LibMS/backend/handlers/auth_handler.go:81.30,83.50 2 0
github.com/swapxs/LibMS/backend/handlers/auth_handler.go:83.50,86.4 2 0
github.com/swapxs/LibMS/backend/handlers/auth_handler.go:88.3,89.79 2 0
github.com/swapxs/LibMS/backend/handlers/auth_handler.go:89.79,92.4 2 0
github.com/swapxs/LibMS/backend/handlers/auth_handler.go:95.3,95.102 1 0
github.com/swapxs/LibMS/backend/handlers/auth_handler.go:95.102,98.4 2 0
github.com/swapxs/LibMS/backend/handlers/auth_handler.go:101.3,109.17 3 0
github.com/swapxs/LibMS/backend/handlers/auth_handler.go:109.17,112.4 2 0
github.com/swapxs/LibMS/backend/handlers/auth_handler.go:114.3,116.66 2 0
github.com/swapxs/LibMS/backend/handlers/auth_handler.go:116.66,118.4 1 0
github.com/swapxs/LibMS/backend/handlers/auth_handler.go:120.3,128.5 1 0
github.com/swapxs/LibMS/backend/handlers/book_handler.go:28.54,29.30 1 0
github.com/swapxs/LibMS/backend/handlers/book_handler.go:29.30,31.50 2 0
github.com/swapxs/LibMS/backend/handlers/book_handler.go:31.50,34.4 2 0
github.com/swapxs/LibMS/backend/handlers/book_handler.go:36.3,38.17 3 0
github.com/swapxs/LibMS/backend/handlers/book_handler.go:38.17,41.4 2 0
github.com/swapxs/LibMS/backend/handlers/book_handler.go:44.3,47.17 3 0
github.com/swapxs/LibMS/backend/handlers/book_handler.go:47.17,51.47 3 0
github.com/swapxs/LibMS/backend/handlers/book_handler.go:51.47,54.5 2 0
github.com/swapxs/LibMS/backend/handlers/book_handler.go:55.4,56.10 2 0
github.com/swapxs/LibMS/backend/handlers/book_handler.go:57.9,57.43 1 0
github.com/swapxs/LibMS/backend/handlers/book_handler.go:57.43,61.4 2 0
github.com/swapxs/LibMS/backend/handlers/book_handler.go:64.3,64.26 1 0
github.com/swapxs/LibMS/backend/handlers/book_handler.go:64.26,68.4 2 0
github.com/swapxs/LibMS/backend/handlers/book_handler.go:71.3,71.70 1 0
github.com/swapxs/LibMS/backend/handlers/book_handler.go:71.70,74.4 2 0
github.com/swapxs/LibMS/backend/handlers/book_handler.go:77.3,88.51 2 0
github.com/swapxs/LibMS/backend/handlers/book_handler.go:88.51,91.4 2 0
github.com/swapxs/LibMS/backend/handlers/book_handler.go:92.3,92.91 1 0
github.com/swapxs/LibMS/backend/handlers/book_handler.go:97.44,98.30 1 0
github.com/swapxs/LibMS/backend/handlers/book_handler.go:98.30,102.82 4 0
github.com/swapxs/LibMS/backend/handlers/book_handler.go:102.82,105.4 2 0
github.com/swapxs/LibMS/backend/handlers/book_handler.go:106.3,106.47 1 0
github.com/swapxs/LibMS/backend/handlers/book_handler.go:111.46,112.30 1 0
github.com/swapxs/LibMS/backend/handlers/book_handler.go:112.30,119.52 4 0
github.com/swapxs/LibMS/backend/handlers/book_handler.go:119.52,122.4 2 0
github.com/swapxs/LibMS/backend/handlers/book_handler.go:123.3,124.109 2 0
github.com/swapxs/LibMS/backend/handlers/book_handler.go:124.109,127.4 2 0
github.com/swapxs/LibMS/backend/handlers/book_handler.go:129.3,130.51 2 0
github.com/swapxs/LibMS/backend/handlers/book_handler.go:130.51,133.4 2 0
github.com/swapxs/LibMS/backend/handlers/book_handler.go:134.3,134.43 1 0
github.com/swapxs/LibMS/backend/handlers/book_handler.go:134.43,136.49 1 0
github.com/swapxs/LibMS/backend/handlers/book_handler.go:136.49,139.5 2 0
github.com/swapxs/LibMS/backend/handlers/book_handler.go:140.4,141.10 2 0
github.com/swapxs/LibMS/backend/handlers/book_handler.go:143.3,144.45 2 0
github.com/swapxs/LibMS/backend/handlers/book_handler.go:144.45,146.4 1 0
github.com/swapxs/LibMS/backend/handlers/book_handler.go:146.9,148.4 1 0
github.com/swapxs/LibMS/backend/handlers/book_handler.go:149.3,149.46 1 0
github.com/swapxs/LibMS/backend/handlers/book_handler.go:149.46,152.4 2 0
github.com/swapxs/LibMS/backend/handlers/book_handler.go:153.3,153.79 1 0
github.com/swapxs/LibMS/backend/handlers/book_handler.go:158.46,159.30 1 0
github.com/swapxs/LibMS/backend/handlers/book_handler.go:159.30,164.101 5 0
github.com/swapxs/LibMS/backend/handlers/book_handler.go:164.101,167.4 2 0
github.com/swapxs/LibMS/backend/handlers/book_handler.go:168.3,169.50 2 0
github.com/swapxs/LibMS/backend/handlers/book_handler.go:169.50,172.4 2 0
github.com/swapxs/LibMS/backend/handlers/book_handler.go:174.3,174.62 1 0
github.com/swapxs/LibMS/backend/handlers/book_handler.go:174.62,177.4 2 0
github.com/swapxs/LibMS/backend/handlers/book_handler.go:178.3,178.72 1 0
github.com/swapxs/LibMS/backend/handlers/claims_handler.go:8.71,10.13 2 0
github.com/swapxs/LibMS/backend/handlers/claims_handler.go:10.13,12.3 1 0
github.com/swapxs/LibMS/backend/handlers/claims_handler.go:13.2,13.25 1 0
github.com/swapxs/LibMS/backend/handlers/claims_handler.go:14.15,15.22 1 0
github.com/swapxs/LibMS/backend/handlers/claims_handler.go:16.11,17.22 1 0
github.com/swapxs/LibMS/backend/handlers/claims_handler.go:18.13,19.22 1 0
github.com/swapxs/LibMS/backend/handlers/claims_handler.go:20.10,21.57 1 0
github.com/swapxs/LibMS/backend/handlers/issue_handler.go:16.54,18.2 1 0
github.com/swapxs/LibMS/backend/handlers/issue_handler.go:42.52,43.33 1 0
github.com/swapxs/LibMS/backend/handlers/issue_handler.go:43.33,47.23 3 0
github.com/swapxs/LibMS/backend/handlers/issue_handler.go:47.23,50.10 2 0
github.com/swapxs/LibMS/backend/handlers/issue_handler.go:53.9,88.23 4 0
github.com/swapxs/LibMS/backend/handlers/issue_handler.go:88.23,91.10 2 0
github.com/swapxs/LibMS/backend/handlers/issue_handler.go:95.9,95.32 1 0
github.com/swapxs/LibMS/backend/handlers/issue_handler.go:95.32,96.46 1 0
github.com/swapxs/LibMS/backend/handlers/issue_handler.go:96.46,98.14 1 0
github.com/swapxs/LibMS/backend/handlers/issue_handler.go:99.13,99.47 1 0
github.com/swapxs/LibMS/backend/handlers/issue_handler.go:99.47,101.14 1 0
github.com/swapxs/LibMS/backend/handlers/issue_handler.go:104.9,104.75 1 0
github.com/swapxs/LibMS/backend/handlers/issue_handler.go:109.60,110.30 1 0
github.com/swapxs/LibMS/backend/handlers/issue_handler.go:110.30,113.17 3 0
github.com/swapxs/LibMS/backend/handlers/issue_handler.go:113.17,116.4 2 0
github.com/swapxs/LibMS/backend/handlers/issue_handler.go:118.3,119.58 2 0
github.com/swapxs/LibMS/backend/handlers/issue_handler.go:119.58,122.4 2 0
github.com/swapxs/LibMS/backend/handlers/issue_handler.go:124.3,128.50 2 0
github.com/swapxs/LibMS/backend/handlers/issue_handler.go:128.50,131.4 2 0
github.com/swapxs/LibMS/backend/handlers/issue_handler.go:133.3,139.70 3 0
github.com/swapxs/LibMS/backend/handlers/issue_handler.go:139.70,142.4 2 0
github.com/swapxs/LibMS/backend/handlers/issue_handler.go:145.3,145.37 1 0
github.com/swapxs/LibMS/backend/handlers/issue_handler.go:145.37,147.83 2 0
github.com/swapxs/LibMS/backend/handlers/issue_handler.go:147.83,150.5 2 0
github.com/swapxs/LibMS/backend/handlers/issue_handler.go:152.4,152.32 1 0
github.com/swapxs/LibMS/backend/handlers/issue_handler.go:152.32,155.5 2 0
github.com/swapxs/LibMS/backend/handlers/issue_handler.go:157.4,158.47 2 0
github.com/swapxs/LibMS/backend/handlers/issue_handler.go:158.47,161.5 2 0
github.com/swapxs/LibMS/backend/handlers/issue_handler.go:165.3,170.38 5 0
github.com/swapxs/LibMS/backend/handlers/issue_handler.go:170.38,172.4 1 0
github.com/swapxs/LibMS/backend/handlers/issue_handler.go:174.3,174.50 1 0
github.com/swapxs/LibMS/backend/handlers/issue_handler.go:174.50,177.4 2 0
github.com/swapxs/LibMS/backend/handlers/issue_handler.go:179.3,179.125 1 0
github.com/swapxs/LibMS/backend/handlers/issue_handler.go:184.45,185.30 1 0
github.com/swapxs/LibMS/backend/handlers/issue_handler.go:185.30,187.52 2 0
github.com/swapxs/LibMS/backend/handlers/issue_handler.go:187.52,190.4 2 0
github.com/swapxs/LibMS/backend/handlers/issue_handler.go:192.3,194.42 2 0
github.com/swapxs/LibMS/backend/handlers/issue_handler.go:194.42,197.4 2 0
github.com/swapxs/LibMS/backend/handlers/issue_handler.go:198.3,198.51 1 0
github.com/swapxs/LibMS/backend/handlers/issue_handler.go:198.51,201.4 2 0
github.com/swapxs/LibMS/backend/handlers/issue_handler.go:202.3,202.75 1 0
github.com/swapxs/LibMS/backend/handlers/library_handler.go:19.49,20.33 1 0
github.com/swapxs/LibMS/backend/handlers/library_handler.go:20.33,22.16 2 0
github.com/swapxs/LibMS/backend/handlers/library_handler.go:22.16,25.10 2 0
github.com/swapxs/LibMS/backend/handlers/library_handler.go:26.9,28.43 2 0
github.com/swapxs/LibMS/backend/handlers/library_handler.go:28.43,31.10 2 0
github.com/swapxs/LibMS/backend/handlers/library_handler.go:33.9,34.56 2 0
github.com/swapxs/LibMS/backend/handlers/library_handler.go:34.56,37.10 2 0
github.com/swapxs/LibMS/backend/handlers/library_handler.go:39.9,40.82 2 0
github.com/swapxs/LibMS/backend/handlers/library_handler.go:40.82,43.10 2 0
github.com/swapxs/LibMS/backend/handlers/library_handler.go:45.9,46.53 2 0
github.com/swapxs/LibMS/backend/handlers/library_handler.go:46.53,49.10 2 0
github.com/swapxs/LibMS/backend/handlers/library_handler.go:51.9,54.11 1 0
github.com/swapxs/LibMS/backend/handlers/library_handler.go:59.48,60.30 1 0
github.com/swapxs/LibMS/backend/handlers/library_handler.go:60.30,62.51 2 0
github.com/swapxs/LibMS/backend/handlers/library_handler.go:62.51,65.4 2 0
github.com/swapxs/LibMS/backend/handlers/library_handler.go:66.3,66.55 1 0
github.com/swapxs/LibMS/backend/handlers/owner_handler.go:24.56,25.30 1 0
github.com/swapxs/LibMS/backend/handlers/owner_handler.go:25.30,27.50 2 0
github.com/swapxs/LibMS/backend/handlers/owner_handler.go:27.50,30.4 2 0
github.com/swapxs/LibMS/backend/handlers/owner_handler.go:32.3,33.83 2 0
github.com/swapxs/LibMS/backend/handlers/owner_handler.go:33.83,36.4 2 0
github.com/swapxs/LibMS/backend/handlers/owner_handler.go:38.3,39.47 2 0
github.com/swapxs/LibMS/backend/handlers/owner_handler.go:39.47,42.4 2 0
github.com/swapxs/LibMS/backend/handlers/owner_handler.go:44.3,45.17 2 0
github.com/swapxs/LibMS/backend/handlers/owner_handler.go:45.17,48.4 2 0
github.com/swapxs/LibMS/backend/handlers/owner_handler.go:50.3,58.49 2 0
github.com/swapxs/LibMS/backend/handlers/owner_handler.go:58.49,61.4 2 0
github.com/swapxs/LibMS/backend/handlers/owner_handler.go:62.3,62.112 1 0
github.com/swapxs/LibMS/backend/handlers/owner_handler.go:71.47,72.30 1 0
github.com/swapxs/LibMS/backend/handlers/owner_handler.go:72.30,74.32 2 0
github.com/swapxs/LibMS/backend/handlers/owner_handler.go:74.32,77.4 2 0
github.com/swapxs/LibMS/backend/handlers/owner_handler.go:78.3,79.17 2 0
github.com/swapxs/LibMS/backend/handlers/owner_handler.go:79.17,82.4 2 0
github.com/swapxs/LibMS/backend/handlers/owner_handler.go:83.3,84.50 2 0
github.com/swapxs/LibMS/backend/handlers/owner_handler.go:84.50,87.4 2 0
github.com/swapxs/LibMS/backend/handlers/owner_handler.go:88.3,89.114 2 0
github.com/swapxs/LibMS/backend/handlers/owner_handler.go:89.114,92.4 2 0
github.com/swapxs/LibMS/backend/handlers/owner_handler.go:93.3,94.46 2 0
github.com/swapxs/LibMS/backend/handlers/owner_handler.go:94.46,97.4 2 0
github.com/swapxs/LibMS/backend/handlers/owner_handler.go:98.3,98.89 1 0
github.com/swapxs/LibMS/backend/handlers/owner_handler.go:103.47,104.33 1 0
github.com/swapxs/LibMS/backend/handlers/owner_handler.go:104.33,106.38 2 0
github.com/swapxs/LibMS/backend/handlers/owner_handler.go:106.38,109.10 2 0
github.com/swapxs/LibMS/backend/handlers/owner_handler.go:111.9,112.23 2 0
github.com/swapxs/LibMS/backend/handlers/owner_handler.go:112.23,115.10 2 0
github.com/swapxs/LibMS/backend/handlers/owner_handler.go:117.9,118.23 2 0
github.com/swapxs/LibMS/backend/handlers/owner_handler.go:118.23,121.10 2 0
github.com/swapxs/LibMS/backend/handlers/owner_handler.go:123.9,124.56 2 0
github.com/swapxs/LibMS/backend/handlers/owner_handler.go:124.56,127.10 2 0
github.com/swapxs/LibMS/backend/handlers/owner_handler.go:129.9,130.120 2 0
github.com/swapxs/LibMS/backend/handlers/owner_handler.go:130.120,133.10 2 0
github.com/swapxs/LibMS/backend/handlers/owner_handler.go:135.9,135.32 1 0
github.com/swapxs/LibMS/backend/handlers/owner_handler.go:135.32,138.10 2 0
github.com/swapxs/LibMS/backend/handlers/owner_handler.go:140.9,141.52 2 0
github.com/swapxs/LibMS/backend/handlers/owner_handler.go:141.52,144.10 2 0
github.com/swapxs/LibMS/backend/handlers/owner_handler.go:145.9,145.93 1 0
github.com/swapxs/LibMS/backend/handlers/request_events_handler.go:19.48,20.30 1 0
github.com/swapxs/LibMS/backend/handlers/request_events_handler.go:20.30,22.50 2 0
github.com/swapxs/LibMS/backend/handlers/request_events_handler.go:22.50,25.4 2 0
github.com/swapxs/LibMS/backend/handlers/request_events_handler.go:27.3,28.14 2 0
github.com/swapxs/LibMS/backend/handlers/request_events_handler.go:28.14,31.4 2 0
github.com/swapxs/LibMS/backend/handlers/request_events_handler.go:32.3,34.17 3 0
github.com/swapxs/LibMS/backend/handlers/request_events_handler.go:34.17,37.4 2 0
github.com/swapxs/LibMS/backend/handlers/request_events_handler.go:38.3,39.17 2 0
github.com/swapxs/LibMS/backend/handlers/request_events_handler.go:39.17,42.4 2 0
github.com/swapxs/LibMS/backend/handlers/request_events_handler.go:45.3,48.45 2 0
github.com/swapxs/LibMS/backend/handlers/request_events_handler.go:48.45,51.4 2 0
github.com/swapxs/LibMS/backend/handlers/request_events_handler.go:53.3,53.26 1 0
github.com/swapxs/LibMS/backend/handlers/request_events_handler.go:53.26,56.4 2 0
github.com/swapxs/LibMS/backend/handlers/request_events_handler.go:59.3,60.109 2 0
github.com/swapxs/LibMS/backend/handlers/request_events_handler.go:60.109,63.4 2 0
github.com/swapxs/LibMS/backend/handlers/request_events_handler.go:64.3,64.31 1 0
github.com/swapxs/LibMS/backend/handlers/request_events_handler.go:64.31,67.4 2 0
github.com/swapxs/LibMS/backend/handlers/request_events_handler.go:70.3,76.52 2 0
github.com/swapxs/LibMS/backend/handlers/request_events_handler.go:76.52,79.4 2 0
github.com/swapxs/LibMS/backend/handlers/request_events_handler.go:81.3,81.92 1 0
github.com/swapxs/LibMS/backend/handlers/user_handler.go:14.44,15.30 1 0
github.com/swapxs/LibMS/backend/handlers/user_handler.go:15.30,18.17 3 0
github.com/swapxs/LibMS/backend/handlers/user_handler.go:18.17,21.4 2 0
github.com/swapxs/LibMS/backend/handlers/user_handler.go:22.3,23.82 2 0
github.com/swapxs/LibMS/backend/handlers/user_handler.go:23.82,26.4 2 0
github.com/swapxs/LibMS/backend/handlers/user_handler.go:27.3,27.63 1 0
github.com/swapxs/LibMS/backend/handlers/user_handler.go:32.52,33.30 1 0
github.com/swapxs/LibMS/backend/handlers/user_handler.go:33.30,37.79 4 0
github.com/swapxs/LibMS/backend/handlers/user_handler.go:37.79,40.4 2 0
github.com/swapxs/LibMS/backend/handlers/user_handler.go:41.3,41.64 1 0
github.com/swapxs/LibMS/backend/db/db.go:14.24,16.15 2 0
github.com/swapxs/LibMS/backend/db/db.go:16.15,18.3 1 0
github.com/swapxs/LibMS/backend/db/db.go:19.2,20.16 2 0
github.com/swapxs/LibMS/backend/db/db.go:20.16,22.3 1 0
github.com/swapxs/LibMS/backend/db/db.go:25.2,32.16 2 0
github.com/swapxs/LibMS/backend/db/db.go:32.16,34.3 1 0
github.com/swapxs/LibMS/backend/db/db.go:35.2,35.11 1 0
github.com/swapxs/LibMS/backend/middleware/jwt.go:16.42,17.30 1 0
github.com/swapxs/LibMS/backend/middleware/jwt.go:17.30,19.23 2 0
github.com/swapxs/LibMS/backend/middleware/jwt.go:19.23,23.4 3 0
github.com/swapxs/LibMS/backend/middleware/jwt.go:24.3,25.46 2 0
github.com/swapxs/LibMS/backend/middleware/jwt.go:25.46,29.4 3 0
github.com/swapxs/LibMS/backend/middleware/jwt.go:30.3,31.84 2 0
github.com/swapxs/LibMS/backend/middleware/jwt.go:31.84,33.59 1 0
github.com/swapxs/LibMS/backend/middleware/jwt.go:33.59,35.5 1 0
github.com/swapxs/LibMS/backend/middleware/jwt.go:36.4,36.25 1 0
github.com/swapxs/LibMS/backend/middleware/jwt.go:38.3,38.33 1 0
github.com/swapxs/LibMS/backend/middleware/jwt.go:38.33,42.4 3 0
github.com/swapxs/LibMS/backend/middleware/jwt.go:43.3,44.10 2 0
github.com/swapxs/LibMS/backend/middleware/jwt.go:44.10,48.4 3 0
github.com/swapxs/LibMS/backend/middleware/jwt.go:49.3,50.11 2 0
github.com/swapxs/LibMS/backend/main.go:13.13,15.40 1 0
github.com/swapxs/LibMS/backend/main.go:15.40,17.3 1 0
github.com/swapxs/LibMS/backend/main.go:20.2,26.16 4 0
github.com/swapxs/LibMS/backend/main.go:26.16,28.3 1 0
github.com/swapxs/LibMS/backend/main.go:30.2,31.47 2 0
github.com/swapxs/LibMS/backend/main.go:31.47,33.3 1 0
github.com/swapxs/LibMS/backend/routes/routes.go:15.43,29.2 4 0
github.com/swapxs/LibMS/backend/routes/routes.go:29.2,39.3 7 0
github.com/swapxs/LibMS/backend/routes/routes.go:39.3,45.4 5 0
github.com/swapxs/LibMS/backend/routes/routes.go:45.4,50.5 4 0
github.com/swapxs/LibMS/backend/routes/routes.go:52.4,53.4 2 0
github.com/swapxs/LibMS/backend/routes/routes.go:53.4,56.5 2 0
github.com/swapxs/LibMS/backend/routes/routes.go:58.4,61.4 3 0
github.com/swapxs/LibMS/backend/routes/routes.go:61.4,65.5 3 0
github.com/swapxs/LibMS/backend/routes/routes.go:67.4,67.60 1 0
github.com/swapxs/LibMS/backend/routes/routes.go:71.2,71.10 1 0
github.com/swapxs/LibMS/backend/handlers/auth_handler.go:30.48,31.30 1 1
github.com/swapxs/LibMS/backend/handlers/auth_handler.go:31.30,33.50 2 1
github.com/swapxs/LibMS/backend/handlers/auth_handler.go:33.50,36.4 2 1
github.com/swapxs/LibMS/backend/handlers/auth_handler.go:39.3,39.23 1 1
github.com/swapxs/LibMS/backend/handlers/auth_handler.go:39.23,41.4 1 1
github.com/swapxs/LibMS/backend/handlers/auth_handler.go:44.3,45.79 2 1
github.com/swapxs/LibMS/backend/handlers/auth_handler.go:45.79,48.4 2 1
github.com/swapxs/LibMS/backend/handlers/auth_handler.go:51.3,52.17 2 1
github.com/swapxs/LibMS/backend/handlers/auth_handler.go:52.17,55.4 2 0
github.com/swapxs/LibMS/backend/handlers/auth_handler.go:57.3,65.48 2 1
github.com/swapxs/LibMS/backend/handlers/auth_handler.go:65.48,68.4 2 0
github.com/swapxs/LibMS/backend/handlers/auth_handler.go:69.3,69.74 1 1
github.com/swapxs/LibMS/backend/handlers/auth_handler.go:80.41,81.30 1 1
github.com/swapxs/LibMS/backend/handlers/auth_handler.go:81.30,83.50 2 1
github.com/swapxs/LibMS/backend/handlers/auth_handler.go:83.50,86.4 2 1
github.com/swapxs/LibMS/backend/handlers/auth_handler.go:88.3,89.79 2 1
github.com/swapxs/LibMS/backend/handlers/auth_handler.go:89.79,92.4 2 1
github.com/swapxs/LibMS/backend/handlers/auth_handler.go:95.3,95.102 1 1
github.com/swapxs/LibMS/backend/handlers/auth_handler.go:95.102,98.4 2 1
github.com/swapxs/LibMS/backend/handlers/auth_handler.go:101.3,109.17 3 1
github.com/swapxs/LibMS/backend/handlers/auth_handler.go:109.17,112.4 2 0
github.com/swapxs/LibMS/backend/handlers/auth_handler.go:114.3,116.66 2 1
github.com/swapxs/LibMS/backend/handlers/auth_handler.go:116.66,118.4 1 1
github.com/swapxs/LibMS/backend/handlers/auth_handler.go:120.3,128.5 1 1
github.com/swapxs/LibMS/backend/handlers/book_handler.go:28.54,29.30 1 1
github.com/swapxs/LibMS/backend/handlers/book_handler.go:29.30,31.50 2 1
github.com/swapxs/LibMS/backend/handlers/book_handler.go:31.50,34.4 2 1
github.com/swapxs/LibMS/backend/handlers/book_handler.go:36.3,38.17 3 1
github.com/swapxs/LibMS/backend/handlers/book_handler.go:38.17,41.4 2 0
github.com/swapxs/LibMS/backend/handlers/book_handler.go:44.3,47.17 3 1
github.com/swapxs/LibMS/backend/handlers/book_handler.go:47.17,51.47 3 1
github.com/swapxs/LibMS/backend/handlers/book_handler.go:51.47,54.5 2 0
github.com/swapxs/LibMS/backend/handlers/book_handler.go:55.4,56.10 2 1
github.com/swapxs/LibMS/backend/handlers/book_handler.go:57.9,57.43 1 1
github.com/swapxs/LibMS/backend/handlers/book_handler.go:57.43,61.4 2 0
github.com/swapxs/LibMS/backend/handlers/book_handler.go:64.3,64.26 1 1
github.com/swapxs/LibMS/backend/handlers/book_handler.go:64.26,68.4 2 1
github.com/swapxs/LibMS/backend/handlers/book_handler.go:71.3,71.70 1 0
github.com/swapxs/LibMS/backend/handlers/book_handler.go:71.70,74.4 2 0
github.com/swapxs/LibMS/backend/handlers/book_handler.go:77.3,88.51 2 0
github.com/swapxs/LibMS/backend/handlers/book_handler.go:88.51,91.4 2 0
github.com/swapxs/LibMS/backend/handlers/book_handler.go:92.3,92.91 1 0
github.com/swapxs/LibMS/backend/handlers/book_handler.go:97.44,98.30 1 1
github.com/swapxs/LibMS/backend/handlers/book_handler.go:98.30,102.82 4 0
github.com/swapxs/LibMS/backend/handlers/book_handler.go:102.82,105.4 2 0
github.com/swapxs/LibMS/backend/handlers/book_handler.go:106.3,106.47 1 0
github.com/swapxs/LibMS/backend/handlers/book_handler.go:111.46,112.30 1 1
github.com/swapxs/LibMS/backend/handlers/book_handler.go:112.30,119.52 4 1
github.com/swapxs/LibMS/backend/handlers/book_handler.go:119.52,122.4 2 0
github.com/swapxs/LibMS/backend/handlers/book_handler.go:123.3,124.109 2 1
github.com/swapxs/LibMS/backend/handlers/book_handler.go:124.109,127.4 2 0
github.com/swapxs/LibMS/backend/handlers/book_handler.go:129.3,130.51 2 1
github.com/swapxs/LibMS/backend/handlers/book_handler.go:130.51,133.4 2 0
github.com/swapxs/LibMS/backend/handlers/book_handler.go:134.3,134.43 1 1
github.com/swapxs/LibMS/backend/handlers/book_handler.go:134.43,136.49 1 1
github.com/swapxs/LibMS/backend/handlers/book_handler.go:136.49,139.5 2 0
github.com/swapxs/LibMS/backend/handlers/book_handler.go:140.4,141.10 2 1
github.com/swapxs/LibMS/backend/handlers/book_handler.go:143.3,144.45 2 0
github.com/swapxs/LibMS/backend/handlers/book_handler.go:144.45,146.4 1 0
github.com/swapxs/LibMS/backend/handlers/book_handler.go:146.9,148.4 1 0
github.com/swapxs/LibMS/backend/handlers/book_handler.go:149.3,149.46 1 0
github.com/swapxs/LibMS/backend/handlers/book_handler.go:149.46,152.4 2 0
github.com/swapxs/LibMS/backend/handlers/book_handler.go:153.3,153.79 1 0
github.com/swapxs/LibMS/backend/handlers/book_handler.go:158.46,159.30 1 1
github.com/swapxs/LibMS/backend/handlers/book_handler.go:159.30,164.101 5 1
github.com/swapxs/LibMS/backend/handlers/book_handler.go:164.101,167.4 2 1
github.com/swapxs/LibMS/backend/handlers/book_handler.go:168.3,169.50 2 1
github.com/swapxs/LibMS/backend/handlers/book_handler.go:169.50,172.4 2 0
github.com/swapxs/LibMS/backend/handlers/book_handler.go:174.3,174.62 1 1
github.com/swapxs/LibMS/backend/handlers/book_handler.go:174.62,177.4 2 0
github.com/swapxs/LibMS/backend/handlers/book_handler.go:178.3,178.72 1 1
github.com/swapxs/LibMS/backend/handlers/claims_handler.go:8.71,10.13 2 1
github.com/swapxs/LibMS/backend/handlers/claims_handler.go:10.13,12.3 1 0
github.com/swapxs/LibMS/backend/handlers/claims_handler.go:13.2,13.25 1 1
github.com/swapxs/LibMS/backend/handlers/claims_handler.go:14.15,15.22 1 1
github.com/swapxs/LibMS/backend/handlers/claims_handler.go:16.11,17.22 1 1
github.com/swapxs/LibMS/backend/handlers/claims_handler.go:18.13,19.22 1 0
github.com/swapxs/LibMS/backend/handlers/claims_handler.go:20.10,21.57 1 0
github.com/swapxs/LibMS/backend/handlers/issue_handler.go:16.54,18.2 1 1
github.com/swapxs/LibMS/backend/handlers/issue_handler.go:42.52,43.33 1 1
github.com/swapxs/LibMS/backend/handlers/issue_handler.go:43.33,47.23 3 1
github.com/swapxs/LibMS/backend/handlers/issue_handler.go:47.23,50.10 2 0
github.com/swapxs/LibMS/backend/handlers/issue_handler.go:53.9,88.23 4 1
github.com/swapxs/LibMS/backend/handlers/issue_handler.go:88.23,91.10 2 0
github.com/swapxs/LibMS/backend/handlers/issue_handler.go:95.9,95.32 1 1
github.com/swapxs/LibMS/backend/handlers/issue_handler.go:95.32,96.46 1 1
github.com/swapxs/LibMS/backend/handlers/issue_handler.go:96.46,98.14 1 1
github.com/swapxs/LibMS/backend/handlers/issue_handler.go:99.13,99.47 1 1
github.com/swapxs/LibMS/backend/handlers/issue_handler.go:99.47,101.14 1 0
github.com/swapxs/LibMS/backend/handlers/issue_handler.go:104.9,104.75 1 1
github.com/swapxs/LibMS/backend/handlers/issue_handler.go:109.60,110.30 1 1
github.com/swapxs/LibMS/backend/handlers/issue_handler.go:110.30,113.17 3 1
github.com/swapxs/LibMS/backend/handlers/issue_handler.go:113.17,116.4 2 0
github.com/swapxs/LibMS/backend/handlers/issue_handler.go:118.3,119.58 2 1
github.com/swapxs/LibMS/backend/handlers/issue_handler.go:119.58,122.4 2 1
github.com/swapxs/LibMS/backend/handlers/issue_handler.go:124.3,128.50 2 1
github.com/swapxs/LibMS/backend/handlers/issue_handler.go:128.50,131.4 2 0
github.com/swapxs/LibMS/backend/handlers/issue_handler.go:133.3,139.70 3 1
github.com/swapxs/LibMS/backend/handlers/issue_handler.go:139.70,142.4 2 1
github.com/swapxs/LibMS/backend/handlers/issue_handler.go:145.3,145.37 1 1
github.com/swapxs/LibMS/backend/handlers/issue_handler.go:145.37,147.83 2 1
github.com/swapxs/LibMS/backend/handlers/issue_handler.go:147.83,150.5 2 0
github.com/swapxs/LibMS/backend/handlers/issue_handler.go:152.4,152.32 1 1
github.com/swapxs/LibMS/backend/handlers/issue_handler.go:152.32,155.5 2 1
github.com/swapxs/LibMS/backend/handlers/issue_handler.go:157.4,158.47 2 0
github.com/swapxs/LibMS/backend/handlers/issue_handler.go:158.47,161.5 2 0
github.com/swapxs/LibMS/backend/handlers/issue_handler.go:165.3,170.38 5 0
github.com/swapxs/LibMS/backend/handlers/issue_handler.go:170.38,172.4 1 0
github.com/swapxs/LibMS/backend/handlers/issue_handler.go:174.3,174.50 1 0
github.com/swapxs/LibMS/backend/handlers/issue_handler.go:174.50,177.4 2 0
github.com/swapxs/LibMS/backend/handlers/issue_handler.go:179.3,179.125 1 0
github.com/swapxs/LibMS/backend/handlers/issue_handler.go:184.45,185.30 1 1
github.com/swapxs/LibMS/backend/handlers/issue_handler.go:185.30,187.52 2 1
github.com/swapxs/LibMS/backend/handlers/issue_handler.go:187.52,190.4 2 0
github.com/swapxs/LibMS/backend/handlers/issue_handler.go:192.3,194.42 2 1
github.com/swapxs/LibMS/backend/handlers/issue_handler.go:194.42,197.4 2 1
github.com/swapxs/LibMS/backend/handlers/issue_handler.go:198.3,198.51 1 1
github.com/swapxs/LibMS/backend/handlers/issue_handler.go:198.51,201.4 2 0
github.com/swapxs/LibMS/backend/handlers/issue_handler.go:202.3,202.75 1 1
github.com/swapxs/LibMS/backend/handlers/library_handler.go:19.49,20.33 1 1
github.com/swapxs/LibMS/backend/handlers/library_handler.go:20.33,22.16 2 1
github.com/swapxs/LibMS/backend/handlers/library_handler.go:22.16,25.10 2 0
github.com/swapxs/LibMS/backend/handlers/library_handler.go:26.9,28.43 2 1
github.com/swapxs/LibMS/backend/handlers/library_handler.go:28.43,31.10 2 1
github.com/swapxs/LibMS/backend/handlers/library_handler.go:33.9,34.56 2 1
github.com/swapxs/LibMS/backend/handlers/library_handler.go:34.56,37.10 2 1
github.com/swapxs/LibMS/backend/handlers/library_handler.go:39.9,40.82 2 1
github.com/swapxs/LibMS/backend/handlers/library_handler.go:40.82,43.10 2 1
github.com/swapxs/LibMS/backend/handlers/library_handler.go:45.9,46.53 2 1
github.com/swapxs/LibMS/backend/handlers/library_handler.go:46.53,49.10 2 0
github.com/swapxs/LibMS/backend/handlers/library_handler.go:51.9,54.11 1 1
github.com/swapxs/LibMS/backend/handlers/library_handler.go:59.48,60.30 1 1
github.com/swapxs/LibMS/backend/handlers/library_handler.go:60.30,62.51 2 1
github.com/swapxs/LibMS/backend/handlers/library_handler.go:62.51,65.4 2 0
github.com/swapxs/LibMS/backend/handlers/library_handler.go:66.3,66.55 1 1
github.com/swapxs/LibMS/backend/handlers/owner_handler.go:24.56,25.30 1 1
github.com/swapxs/LibMS/backend/handlers/owner_handler.go:25.30,27.50 2 1
github.com/swapxs/LibMS/backend/handlers/owner_handler.go:27.50,30.4 2 0
github.com/swapxs/LibMS/backend/handlers/owner_handler.go:32.3,33.83 2 1
github.com/swapxs/LibMS/backend/handlers/owner_handler.go:33.83,36.4 2 1
github.com/swapxs/LibMS/backend/handlers/owner_handler.go:38.3,39.47 2 1
github.com/swapxs/LibMS/backend/handlers/owner_handler.go:39.47,42.4 2 0
github.com/swapxs/LibMS/backend/handlers/owner_handler.go:44.3,45.17 2 1
github.com/swapxs/LibMS/backend/handlers/owner_handler.go:45.17,48.4 2 0
github.com/swapxs/LibMS/backend/handlers/owner_handler.go:50.3,58.49 2 1
github.com/swapxs/LibMS/backend/handlers/owner_handler.go:58.49,61.4 2 0
github.com/swapxs/LibMS/backend/handlers/owner_handler.go:62.3,62.112 1 1
github.com/swapxs/LibMS/backend/handlers/owner_handler.go:71.47,72.30 1 1
github.com/swapxs/LibMS/backend/handlers/owner_handler.go:72.30,74.32 2 1
github.com/swapxs/LibMS/backend/handlers/owner_handler.go:74.32,77.4 2 1
github.com/swapxs/LibMS/backend/handlers/owner_handler.go:78.3,79.17 2 1
github.com/swapxs/LibMS/backend/handlers/owner_handler.go:79.17,82.4 2 0
github.com/swapxs/LibMS/backend/handlers/owner_handler.go:83.3,84.50 2 1
github.com/swapxs/LibMS/backend/handlers/owner_handler.go:84.50,87.4 2 0
github.com/swapxs/LibMS/backend/handlers/owner_handler.go:88.3,89.114 2 1
github.com/swapxs/LibMS/backend/handlers/owner_handler.go:89.114,92.4 2 1
github.com/swapxs/LibMS/backend/handlers/owner_handler.go:93.3,94.46 2 1
github.com/swapxs/LibMS/backend/handlers/owner_handler.go:94.46,97.4 2 0
github.com/swapxs/LibMS/backend/handlers/owner_handler.go:98.3,98.89 1 1
github.com/swapxs/LibMS/backend/handlers/owner_handler.go:103.47,104.33 1 1
github.com/swapxs/LibMS/backend/handlers/owner_handler.go:104.33,106.38 2 1
github.com/swapxs/LibMS/backend/handlers/owner_handler.go:106.38,109.10 2 1
github.com/swapxs/LibMS/backend/handlers/owner_handler.go:111.9,112.23 2 1
github.com/swapxs/LibMS/backend/handlers/owner_handler.go:112.23,115.10 2 0
github.com/swapxs/LibMS/backend/handlers/owner_handler.go:117.9,118.23 2 1
github.com/swapxs/LibMS/backend/handlers/owner_handler.go:118.23,121.10 2 0
github.com/swapxs/LibMS/backend/handlers/owner_handler.go:123.9,124.56 2 1
github.com/swapxs/LibMS/backend/handlers/owner_handler.go:124.56,127.10 2 0
github.com/swapxs/LibMS/backend/handlers/owner_handler.go:129.9,130.120 2 1
github.com/swapxs/LibMS/backend/handlers/owner_handler.go:130.120,133.10 2 1
github.com/swapxs/LibMS/backend/handlers/owner_handler.go:135.9,135.32 1 1
github.com/swapxs/LibMS/backend/handlers/owner_handler.go:135.32,138.10 2 1
github.com/swapxs/LibMS/backend/handlers/owner_handler.go:140.9,141.52 2 1
github.com/swapxs/LibMS/backend/handlers/owner_handler.go:141.52,144.10 2 0
github.com/swapxs/LibMS/backend/handlers/owner_handler.go:145.9,145.93 1 1
github.com/swapxs/LibMS/backend/handlers/request_events_handler.go:19.48,20.30 1 1
github.com/swapxs/LibMS/backend/handlers/request_events_handler.go:20.30,22.50 2 1
github.com/swapxs/LibMS/backend/handlers/request_events_handler.go:22.50,25.4 2 1
github.com/swapxs/LibMS/backend/handlers/request_events_handler.go:27.3,28.14 2 1
github.com/swapxs/LibMS/backend/handlers/request_events_handler.go:28.14,31.4 2 0
github.com/swapxs/LibMS/backend/handlers/request_events_handler.go:32.3,34.17 3 1
github.com/swapxs/LibMS/backend/handlers/request_events_handler.go:34.17,37.4 2 0
github.com/swapxs/LibMS/backend/handlers/request_events_handler.go:38.3,39.17 2 1
github.com/swapxs/LibMS/backend/handlers/request_events_handler.go:39.17,42.4 2 0
github.com/swapxs/LibMS/backend/handlers/request_events_handler.go:45.3,48.45 2 1
github.com/swapxs/LibMS/backend/handlers/request_events_handler.go:48.45,51.4 2 0
github.com/swapxs/LibMS/backend/handlers/request_events_handler.go:53.3,53.26 1 1
github.com/swapxs/LibMS/backend/handlers/request_events_handler.go:53.26,56.4 2 1
github.com/swapxs/LibMS/backend/handlers/request_events_handler.go:59.3,60.109 2 1
github.com/swapxs/LibMS/backend/handlers/request_events_handler.go:60.109,63.4 2 0
github.com/swapxs/LibMS/backend/handlers/request_events_handler.go:64.3,64.31 1 1
github.com/swapxs/LibMS/backend/handlers/request_events_handler.go:64.31,67.4 2 1
github.com/swapxs/LibMS/backend/handlers/request_events_handler.go:70.3,76.52 2 1
github.com/swapxs/LibMS/backend/handlers/request_events_handler.go:76.52,79.4 2 0
github.com/swapxs/LibMS/backend/handlers/request_events_handler.go:81.3,81.92 1 1
github.com/swapxs/LibMS/backend/handlers/user_handler.go:14.44,15.30 1 0
github.com/swapxs/LibMS/backend/handlers/user_handler.go:15.30,18.17 3 0
github.com/swapxs/LibMS/backend/handlers/user_handler.go:18.17,21.4 2 0
github.com/swapxs/LibMS/backend/handlers/user_handler.go:22.3,23.82 2 0
github.com/swapxs/LibMS/backend/handlers/user_handler.go:23.82,26.4 2 0
github.com/swapxs/LibMS/backend/handlers/user_handler.go:27.3,27.63 1 0
github.com/swapxs/LibMS/backend/handlers/user_handler.go:32.52,33.30 1 0
github.com/swapxs/LibMS/backend/handlers/user_handler.go:33.30,37.79 4 0
github.com/swapxs/LibMS/backend/handlers/user_handler.go:37.79,40.4 2 0
github.com/swapxs/LibMS/backend/handlers/user_handler.go:41.3,41.64 1 0
github.com/swapxs/LibMS/backend/middleware/jwt.go:16.42,17.30 1 1
github.com/swapxs/LibMS/backend/middleware/jwt.go:17.30,19.23 2 1
github.com/swapxs/LibMS/backend/middleware/jwt.go:19.23,23.4 3 1
github.com/swapxs/LibMS/backend/middleware/jwt.go:24.3,25.46 2 1
github.com/swapxs/LibMS/backend/middleware/jwt.go:25.46,29.4 3 0
github.com/swapxs/LibMS/backend/middleware/jwt.go:30.3,31.84 2 1
github.com/swapxs/LibMS/backend/middleware/jwt.go:31.84,33.59 1 0
github.com/swapxs/LibMS/backend/middleware/jwt.go:33.59,35.5 1 0
github.com/swapxs/LibMS/backend/middleware/jwt.go:36.4,36.25 1 0
github.com/swapxs/LibMS/backend/middleware/jwt.go:38.3,38.33 1 1
github.com/swapxs/LibMS/backend/middleware/jwt.go:38.33,42.4 3 1
github.com/swapxs/LibMS/backend/middleware/jwt.go:43.3,44.10 2 0
github.com/swapxs/LibMS/backend/middleware/jwt.go:44.10,48.4 3 0
github.com/swapxs/LibMS/backend/middleware/jwt.go:49.3,50.11 2 0
